0 info it worked if it ends with ok
1 verbose cli [ '/usr/local/bin/node',
1 verbose cli   '/usr/local/bin/npm',
1 verbose cli   'install',
1 verbose cli   '-g',
1 verbose cli   'ios-sim' ]
2 info using npm@3.10.10
3 info using node@v6.9.4
4 silly loadCurrentTree Starting
5 silly install loadCurrentTree
6 silly install readGlobalPackageData
7 silly fetchPackageMetaData ios-sim
8 silly fetchNamedPackageData ios-sim
9 silly mapToRegistry name ios-sim
10 silly mapToRegistry using default registry
11 silly mapToRegistry registry https://registry.npmjs.org/
12 silly mapToRegistry data Result {
12 silly mapToRegistry   raw: 'ios-sim',
12 silly mapToRegistry   scope: null,
12 silly mapToRegistry   escapedName: 'ios-sim',
12 silly mapToRegistry   name: 'ios-sim',
12 silly mapToRegistry   rawSpec: '',
12 silly mapToRegistry   spec: 'latest',
12 silly mapToRegistry   type: 'tag' }
13 silly mapToRegistry uri https://registry.npmjs.org/ios-sim
14 verbose request uri https://registry.npmjs.org/ios-sim
15 verbose request no auth needed
16 info attempt registry request try #1 at 10:44:17 AM
17 verbose request id db0bf09cf8d8bb82
18 http request GET https://registry.npmjs.org/ios-sim
19 http 200 https://registry.npmjs.org/ios-sim
20 verbose headers { server: 'nginx/1.10.1',
20 verbose headers   'content-type': 'application/json',
20 verbose headers   'last-modified': 'Thu, 22 Dec 2016 12:31:53 GMT',
20 verbose headers   etag: 'W/"585bc7b9-95f6"',
20 verbose headers   'content-encoding': 'gzip',
20 verbose headers   'cache-control': 'max-age=300',
20 verbose headers   'content-length': '5569',
20 verbose headers   'accept-ranges': 'bytes',
20 verbose headers   date: 'Sat, 29 Apr 2017 15:44:17 GMT',
20 verbose headers   via: '1.1 varnish',
20 verbose headers   age: '0',
20 verbose headers   connection: 'keep-alive',
20 verbose headers   'x-served-by': 'cache-ord1727-ORD',
20 verbose headers   'x-cache': 'MISS',
20 verbose headers   'x-cache-hits': '0',
20 verbose headers   'x-timer': 'S1493480658.803891,VS0,VE116',
20 verbose headers   vary: 'Accept-Encoding' }
21 silly get cb [ 200,
21 silly get   { server: 'nginx/1.10.1',
21 silly get     'content-type': 'application/json',
21 silly get     'last-modified': 'Thu, 22 Dec 2016 12:31:53 GMT',
21 silly get     etag: 'W/"585bc7b9-95f6"',
21 silly get     'content-encoding': 'gzip',
21 silly get     'cache-control': 'max-age=300',
21 silly get     'content-length': '5569',
21 silly get     'accept-ranges': 'bytes',
21 silly get     date: 'Sat, 29 Apr 2017 15:44:17 GMT',
21 silly get     via: '1.1 varnish',
21 silly get     age: '0',
21 silly get     connection: 'keep-alive',
21 silly get     'x-served-by': 'cache-ord1727-ORD',
21 silly get     'x-cache': 'MISS',
21 silly get     'x-cache-hits': '0',
21 silly get     'x-timer': 'S1493480658.803891,VS0,VE116',
21 silly get     vary: 'Accept-Encoding' } ]
22 verbose get saving ios-sim to /Users/katezellmer/.npm/registry.npmjs.org/ios-sim/.cache.json
23 verbose correctMkdir /Users/katezellmer/.npm correctMkdir not in flight; initializing
24 silly install normalizeTree
25 silly loadCurrentTree Finishing
26 silly loadIdealTree Starting
27 silly install loadIdealTree
28 silly cloneCurrentTree Starting
29 silly install cloneCurrentTreeToIdealTree
30 silly cloneCurrentTree Finishing
31 silly loadShrinkwrap Starting
32 silly install loadShrinkwrap
33 silly loadShrinkwrap Finishing
34 silly loadAllDepsIntoIdealTree Starting
35 silly install loadAllDepsIntoIdealTree
36 silly resolveWithNewModule ios-sim@5.0.13 checking installable status
37 silly cache add args [ 'ios-sim', null ]
38 verbose cache add spec ios-sim
39 silly cache add parsed spec Result {
39 silly cache add   raw: 'ios-sim',
39 silly cache add   scope: null,
39 silly cache add   escapedName: 'ios-sim',
39 silly cache add   name: 'ios-sim',
39 silly cache add   rawSpec: '',
39 silly cache add   spec: 'latest',
39 silly cache add   type: 'tag' }
40 silly addNamed ios-sim@latest
41 verbose addNamed "latest" is being treated as a dist-tag for ios-sim
42 info addNameTag [ 'ios-sim', 'latest' ]
43 silly mapToRegistry name ios-sim
44 silly mapToRegistry using default registry
45 silly mapToRegistry registry https://registry.npmjs.org/
46 silly mapToRegistry data Result {
46 silly mapToRegistry   raw: 'ios-sim',
46 silly mapToRegistry   scope: null,
46 silly mapToRegistry   escapedName: 'ios-sim',
46 silly mapToRegistry   name: 'ios-sim',
46 silly mapToRegistry   rawSpec: '',
46 silly mapToRegistry   spec: 'latest',
46 silly mapToRegistry   type: 'tag' }
47 silly mapToRegistry uri https://registry.npmjs.org/ios-sim
48 verbose addNameTag registry:https://registry.npmjs.org/ios-sim not in flight; fetching
49 verbose get https://registry.npmjs.org/ios-sim not expired, no request
50 silly addNameTag next cb for ios-sim with tag latest
51 silly addNamed ios-sim@5.0.13
52 verbose addNamed "5.0.13" is a plain semver version for ios-sim
53 silly mapToRegistry name ios-sim
54 silly mapToRegistry using default registry
55 silly mapToRegistry registry https://registry.npmjs.org/
56 silly mapToRegistry data Result {
56 silly mapToRegistry   raw: 'ios-sim',
56 silly mapToRegistry   scope: null,
56 silly mapToRegistry   escapedName: 'ios-sim',
56 silly mapToRegistry   name: 'ios-sim',
56 silly mapToRegistry   rawSpec: '',
56 silly mapToRegistry   spec: 'latest',
56 silly mapToRegistry   type: 'tag' }
57 silly mapToRegistry uri https://registry.npmjs.org/ios-sim
58 verbose addRemoteTarball https://registry.npmjs.org/ios-sim/-/ios-sim-5.0.13.tgz not in flight; adding
59 verbose addRemoteTarball [ 'https://registry.npmjs.org/ios-sim/-/ios-sim-5.0.13.tgz',
59 verbose addRemoteTarball   'e5749cf567718f4024f6d622e88a2bf7ea9472f1' ]
60 info retry fetch attempt 1 at 10:44:18 AM
61 info attempt registry request try #1 at 10:44:18 AM
62 http fetch GET https://registry.npmjs.org/ios-sim/-/ios-sim-5.0.13.tgz
63 http fetch 200 https://registry.npmjs.org/ios-sim/-/ios-sim-5.0.13.tgz
64 silly fetchAndShaCheck shasum e5749cf567718f4024f6d622e88a2bf7ea9472f1
65 verbose addTmpTarball /var/folders/sy/02pjznlj3fqfyrgfgg9htk9c0000gn/T/npm-11173-591c4435/registry.npmjs.org/ios-sim/-/ios-sim-5.0.13.tgz not in flight; adding
66 verbose addTmpTarball already have metadata; skipping unpack for ios-sim@5.0.13
67 verbose correctMkdir /Users/katezellmer/.npm correctMkdir not in flight; initializing
68 silly cache afterAdd ios-sim@5.0.13
69 verbose afterAdd /Users/katezellmer/.npm/ios-sim/5.0.13/package/package.json not in flight; writing
70 verbose correctMkdir /Users/katezellmer/.npm correctMkdir not in flight; initializing
71 verbose afterAdd /Users/katezellmer/.npm/ios-sim/5.0.13/package/package.json written
72 silly fetchNamedPackageData plist
73 silly mapToRegistry name plist
74 silly mapToRegistry using default registry
75 silly mapToRegistry registry https://registry.npmjs.org/
76 silly mapToRegistry data Result {
76 silly mapToRegistry   raw: 'plist',
76 silly mapToRegistry   scope: null,
76 silly mapToRegistry   escapedName: 'plist',
76 silly mapToRegistry   name: 'plist',
76 silly mapToRegistry   rawSpec: '',
76 silly mapToRegistry   spec: 'latest',
76 silly mapToRegistry   type: 'tag' }
77 silly mapToRegistry uri https://registry.npmjs.org/plist
78 silly fetchNamedPackageData simctl
79 silly mapToRegistry name simctl
80 silly mapToRegistry using default registry
81 silly mapToRegistry registry https://registry.npmjs.org/
82 silly mapToRegistry data Result {
82 silly mapToRegistry   raw: 'simctl',
82 silly mapToRegistry   scope: null,
82 silly mapToRegistry   escapedName: 'simctl',
82 silly mapToRegistry   name: 'simctl',
82 silly mapToRegistry   rawSpec: '',
82 silly mapToRegistry   spec: 'latest',
82 silly mapToRegistry   type: 'tag' }
83 silly mapToRegistry uri https://registry.npmjs.org/simctl
84 silly fetchNamedPackageData nopt
85 silly mapToRegistry name nopt
86 silly mapToRegistry using default registry
87 silly mapToRegistry registry https://registry.npmjs.org/
88 silly mapToRegistry data Result {
88 silly mapToRegistry   raw: 'nopt',
88 silly mapToRegistry   scope: null,
88 silly mapToRegistry   escapedName: 'nopt',
88 silly mapToRegistry   name: 'nopt',
88 silly mapToRegistry   rawSpec: '',
88 silly mapToRegistry   spec: 'latest',
88 silly mapToRegistry   type: 'tag' }
89 silly mapToRegistry uri https://registry.npmjs.org/nopt
90 silly fetchNamedPackageData bplist-parser
91 silly mapToRegistry name bplist-parser
92 silly mapToRegistry using default registry
93 silly mapToRegistry registry https://registry.npmjs.org/
94 silly mapToRegistry data Result {
94 silly mapToRegistry   raw: 'bplist-parser',
94 silly mapToRegistry   scope: null,
94 silly mapToRegistry   escapedName: 'bplist-parser',
94 silly mapToRegistry   name: 'bplist-parser',
94 silly mapToRegistry   rawSpec: '',
94 silly mapToRegistry   spec: 'latest',
94 silly mapToRegistry   type: 'tag' }
95 silly mapToRegistry uri https://registry.npmjs.org/bplist-parser
96 verbose request uri https://registry.npmjs.org/simctl
97 verbose request no auth needed
98 info attempt registry request try #1 at 10:44:18 AM
99 http request GET https://registry.npmjs.org/simctl
100 verbose request uri https://registry.npmjs.org/plist
101 verbose request no auth needed
102 info attempt registry request try #1 at 10:44:18 AM
103 verbose etag W/"587120f7-6938"
104 verbose lastModified Sat, 07 Jan 2017 17:10:15 GMT
105 http request GET https://registry.npmjs.org/plist
106 verbose request uri https://registry.npmjs.org/bplist-parser
107 verbose request no auth needed
108 info attempt registry request try #1 at 10:44:18 AM
109 verbose etag W/"57f40d12-24d2"
110 verbose lastModified Tue, 04 Oct 2016 20:12:02 GMT
111 http request GET https://registry.npmjs.org/bplist-parser
112 verbose request uri https://registry.npmjs.org/nopt
113 verbose request no auth needed
114 info attempt registry request try #1 at 10:44:18 AM
115 verbose etag W/"58518ed2-84a2"
116 verbose lastModified Wed, 14 Dec 2016 18:26:26 GMT
117 http request GET https://registry.npmjs.org/nopt
118 http 304 https://registry.npmjs.org/nopt
119 verbose headers { date: 'Sat, 29 Apr 2017 15:44:18 GMT',
119 verbose headers   via: '1.1 varnish',
119 verbose headers   'cache-control': 'max-age=300',
119 verbose headers   etag: 'W/"58518ed2-84a2"',
119 verbose headers   age: '105',
119 verbose headers   connection: 'keep-alive',
119 verbose headers   'x-served-by': 'cache-ord1739-ORD',
119 verbose headers   'x-cache': 'HIT',
119 verbose headers   'x-cache-hits': '2',
119 verbose headers   'x-timer': 'S1493480658.252205,VS0,VE0',
119 verbose headers   vary: 'Accept-Encoding' }
120 silly get cb [ 304,
120 silly get   { date: 'Sat, 29 Apr 2017 15:44:18 GMT',
120 silly get     via: '1.1 varnish',
120 silly get     'cache-control': 'max-age=300',
120 silly get     etag: 'W/"58518ed2-84a2"',
120 silly get     age: '105',
120 silly get     connection: 'keep-alive',
120 silly get     'x-served-by': 'cache-ord1739-ORD',
120 silly get     'x-cache': 'HIT',
120 silly get     'x-cache-hits': '2',
120 silly get     'x-timer': 'S1493480658.252205,VS0,VE0',
120 silly get     vary: 'Accept-Encoding' } ]
121 verbose etag https://registry.npmjs.org/nopt from cache
122 verbose get saving nopt to /Users/katezellmer/.npm/registry.npmjs.org/nopt/.cache.json
123 verbose correctMkdir /Users/katezellmer/.npm correctMkdir not in flight; initializing
124 silly resolveWithNewModule nopt@1.0.9 checking installable status
125 silly cache add args [ 'nopt@1.0.9', null ]
126 verbose cache add spec nopt@1.0.9
127 silly cache add parsed spec Result {
127 silly cache add   raw: 'nopt@1.0.9',
127 silly cache add   scope: null,
127 silly cache add   escapedName: 'nopt',
127 silly cache add   name: 'nopt',
127 silly cache add   rawSpec: '1.0.9',
127 silly cache add   spec: '1.0.9',
127 silly cache add   type: 'version' }
128 silly addNamed nopt@1.0.9
129 verbose addNamed "1.0.9" is a plain semver version for nopt
130 silly mapToRegistry name nopt
131 silly mapToRegistry using default registry
132 silly mapToRegistry registry https://registry.npmjs.org/
133 silly mapToRegistry data Result {
133 silly mapToRegistry   raw: 'nopt',
133 silly mapToRegistry   scope: null,
133 silly mapToRegistry   escapedName: 'nopt',
133 silly mapToRegistry   name: 'nopt',
133 silly mapToRegistry   rawSpec: '',
133 silly mapToRegistry   spec: 'latest',
133 silly mapToRegistry   type: 'tag' }
134 silly mapToRegistry uri https://registry.npmjs.org/nopt
135 verbose addNameVersion registry:https://registry.npmjs.org/nopt not in flight; fetching
136 verbose get https://registry.npmjs.org/nopt not expired, no request
137 silly mapToRegistry name nopt
138 silly mapToRegistry using default registry
139 silly mapToRegistry registry https://registry.npmjs.org/
140 silly mapToRegistry data Result {
140 silly mapToRegistry   raw: 'nopt',
140 silly mapToRegistry   scope: null,
140 silly mapToRegistry   escapedName: 'nopt',
140 silly mapToRegistry   name: 'nopt',
140 silly mapToRegistry   rawSpec: '',
140 silly mapToRegistry   spec: 'latest',
140 silly mapToRegistry   type: 'tag' }
141 silly mapToRegistry uri https://registry.npmjs.org/nopt
142 verbose addRemoteTarball https://registry.npmjs.org/nopt/-/nopt-1.0.9.tgz not in flight; adding
143 verbose addRemoteTarball [ 'https://registry.npmjs.org/nopt/-/nopt-1.0.9.tgz',
143 verbose addRemoteTarball   '3bc0d7cba7bfb0d5a676dbed7c0ebe48a4fd454e' ]
144 info retry fetch attempt 1 at 10:44:18 AM
145 info attempt registry request try #1 at 10:44:18 AM
146 http fetch GET https://registry.npmjs.org/nopt/-/nopt-1.0.9.tgz
147 http 304 https://registry.npmjs.org/plist
148 verbose headers { date: 'Sat, 29 Apr 2017 15:44:18 GMT',
148 verbose headers   via: '1.1 varnish',
148 verbose headers   'cache-control': 'max-age=300',
148 verbose headers   etag: 'W/"587120f7-6938"',
148 verbose headers   age: '0',
148 verbose headers   connection: 'keep-alive',
148 verbose headers   'x-served-by': 'cache-ord1736-ORD',
148 verbose headers   'x-cache': 'HIT',
148 verbose headers   'x-cache-hits': '1',
148 verbose headers   'x-timer': 'S1493480658.252271,VS0,VE20',
148 verbose headers   vary: 'Accept-Encoding' }
149 silly get cb [ 304,
149 silly get   { date: 'Sat, 29 Apr 2017 15:44:18 GMT',
149 silly get     via: '1.1 varnish',
149 silly get     'cache-control': 'max-age=300',
149 silly get     etag: 'W/"587120f7-6938"',
149 silly get     age: '0',
149 silly get     connection: 'keep-alive',
149 silly get     'x-served-by': 'cache-ord1736-ORD',
149 silly get     'x-cache': 'HIT',
149 silly get     'x-cache-hits': '1',
149 silly get     'x-timer': 'S1493480658.252271,VS0,VE20',
149 silly get     vary: 'Accept-Encoding' } ]
150 verbose etag https://registry.npmjs.org/plist from cache
151 verbose get saving plist to /Users/katezellmer/.npm/registry.npmjs.org/plist/.cache.json
152 verbose correctMkdir /Users/katezellmer/.npm correctMkdir not in flight; initializing
153 http 200 https://registry.npmjs.org/simctl
154 verbose headers { server: 'nginx/1.10.1',
154 verbose headers   'content-type': 'application/json',
154 verbose headers   'last-modified': 'Thu, 20 Oct 2016 06:25:22 GMT',
154 verbose headers   etag: 'W/"58086352-25a3"',
154 verbose headers   'content-encoding': 'gzip',
154 verbose headers   'cache-control': 'max-age=300',
154 verbose headers   'content-length': '1762',
154 verbose headers   'accept-ranges': 'bytes',
154 verbose headers   date: 'Sat, 29 Apr 2017 15:44:18 GMT',
154 verbose headers   via: '1.1 varnish',
154 verbose headers   age: '0',
154 verbose headers   connection: 'keep-alive',
154 verbose headers   'x-served-by': 'cache-ord1727-ORD',
154 verbose headers   'x-cache': 'MISS',
154 verbose headers   'x-cache-hits': '0',
154 verbose headers   'x-timer': 'S1493480658.153454,VS0,VE115',
154 verbose headers   vary: 'Accept-Encoding' }
155 silly get cb [ 200,
155 silly get   { server: 'nginx/1.10.1',
155 silly get     'content-type': 'application/json',
155 silly get     'last-modified': 'Thu, 20 Oct 2016 06:25:22 GMT',
155 silly get     etag: 'W/"58086352-25a3"',
155 silly get     'content-encoding': 'gzip',
155 silly get     'cache-control': 'max-age=300',
155 silly get     'content-length': '1762',
155 silly get     'accept-ranges': 'bytes',
155 silly get     date: 'Sat, 29 Apr 2017 15:44:18 GMT',
155 silly get     via: '1.1 varnish',
155 silly get     age: '0',
155 silly get     connection: 'keep-alive',
155 silly get     'x-served-by': 'cache-ord1727-ORD',
155 silly get     'x-cache': 'MISS',
155 silly get     'x-cache-hits': '0',
155 silly get     'x-timer': 'S1493480658.153454,VS0,VE115',
155 silly get     vary: 'Accept-Encoding' } ]
156 verbose get saving simctl to /Users/katezellmer/.npm/registry.npmjs.org/simctl/.cache.json
157 verbose correctMkdir /Users/katezellmer/.npm correctMkdir not in flight; initializing
158 silly resolveWithNewModule plist@1.2.0 checking installable status
159 silly cache add args [ 'plist@^1.2.0', null ]
160 verbose cache add spec plist@^1.2.0
161 silly cache add parsed spec Result {
161 silly cache add   raw: 'plist@^1.2.0',
161 silly cache add   scope: null,
161 silly cache add   escapedName: 'plist',
161 silly cache add   name: 'plist',
161 silly cache add   rawSpec: '^1.2.0',
161 silly cache add   spec: '>=1.2.0 <2.0.0',
161 silly cache add   type: 'range' }
162 silly addNamed plist@>=1.2.0 <2.0.0
163 verbose addNamed ">=1.2.0 <2.0.0" is a valid semver range for plist
164 silly addNameRange { name: 'plist', range: '>=1.2.0 <2.0.0', hasData: false }
165 silly mapToRegistry name plist
166 silly mapToRegistry using default registry
167 silly mapToRegistry registry https://registry.npmjs.org/
168 silly mapToRegistry data Result {
168 silly mapToRegistry   raw: 'plist',
168 silly mapToRegistry   scope: null,
168 silly mapToRegistry   escapedName: 'plist',
168 silly mapToRegistry   name: 'plist',
168 silly mapToRegistry   rawSpec: '',
168 silly mapToRegistry   spec: 'latest',
168 silly mapToRegistry   type: 'tag' }
169 silly mapToRegistry uri https://registry.npmjs.org/plist
170 verbose addNameRange registry:https://registry.npmjs.org/plist not in flight; fetching
171 silly resolveWithNewModule simctl@0.1.0 checking installable status
172 silly cache add args [ 'simctl@^0.1.0', null ]
173 verbose cache add spec simctl@^0.1.0
174 silly cache add parsed spec Result {
174 silly cache add   raw: 'simctl@^0.1.0',
174 silly cache add   scope: null,
174 silly cache add   escapedName: 'simctl',
174 silly cache add   name: 'simctl',
174 silly cache add   rawSpec: '^0.1.0',
174 silly cache add   spec: '>=0.1.0 <0.2.0',
174 silly cache add   type: 'range' }
175 silly addNamed simctl@>=0.1.0 <0.2.0
176 verbose addNamed ">=0.1.0 <0.2.0" is a valid semver range for simctl
177 silly addNameRange { name: 'simctl', range: '>=0.1.0 <0.2.0', hasData: false }
178 silly mapToRegistry name simctl
179 silly mapToRegistry using default registry
180 silly mapToRegistry registry https://registry.npmjs.org/
181 silly mapToRegistry data Result {
181 silly mapToRegistry   raw: 'simctl',
181 silly mapToRegistry   scope: null,
181 silly mapToRegistry   escapedName: 'simctl',
181 silly mapToRegistry   name: 'simctl',
181 silly mapToRegistry   rawSpec: '',
181 silly mapToRegistry   spec: 'latest',
181 silly mapToRegistry   type: 'tag' }
182 silly mapToRegistry uri https://registry.npmjs.org/simctl
183 verbose addNameRange registry:https://registry.npmjs.org/simctl not in flight; fetching
184 verbose get https://registry.npmjs.org/plist not expired, no request
185 silly addNameRange number 2 { name: 'plist', range: '>=1.2.0 <2.0.0', hasData: true }
186 silly addNameRange versions [ 'plist',
186 silly addNameRange   [ '0.1.0',
186 silly addNameRange     '0.1.1',
186 silly addNameRange     '0.2.0',
186 silly addNameRange     '0.2.1',
186 silly addNameRange     '0.3.1',
186 silly addNameRange     '0.3.2',
186 silly addNameRange     '0.3.3',
186 silly addNameRange     '0.4.0',
186 silly addNameRange     '0.4.1',
186 silly addNameRange     '0.4.2',
186 silly addNameRange     '0.4.3',
186 silly addNameRange     '1.0.0',
186 silly addNameRange     '1.0.1',
186 silly addNameRange     '1.1.0',
186 silly addNameRange     '1.2.0',
186 silly addNameRange     '2.0.0',
186 silly addNameRange     '2.0.1' ] ]
187 silly addNamed plist@1.2.0
188 verbose addNamed "1.2.0" is a plain semver version for plist
189 verbose get https://registry.npmjs.org/simctl not expired, no request
190 silly addNameRange number 2 { name: 'simctl', range: '>=0.1.0 <0.2.0', hasData: true }
191 silly addNameRange versions [ 'simctl',
191 silly addNameRange   [ '0.0.1',
191 silly addNameRange     '0.0.2',
191 silly addNameRange     '0.0.3',
191 silly addNameRange     '0.0.5',
191 silly addNameRange     '0.0.6',
191 silly addNameRange     '0.0.7',
191 silly addNameRange     '0.0.8',
191 silly addNameRange     '0.0.9',
191 silly addNameRange     '0.1.0' ] ]
192 silly addNamed simctl@0.1.0
193 verbose addNamed "0.1.0" is a plain semver version for simctl
194 silly mapToRegistry name simctl
195 silly mapToRegistry using default registry
196 silly mapToRegistry registry https://registry.npmjs.org/
197 silly mapToRegistry data Result {
197 silly mapToRegistry   raw: 'simctl',
197 silly mapToRegistry   scope: null,
197 silly mapToRegistry   escapedName: 'simctl',
197 silly mapToRegistry   name: 'simctl',
197 silly mapToRegistry   rawSpec: '',
197 silly mapToRegistry   spec: 'latest',
197 silly mapToRegistry   type: 'tag' }
198 silly mapToRegistry uri https://registry.npmjs.org/simctl
199 verbose addRemoteTarball https://registry.npmjs.org/simctl/-/simctl-0.1.0.tgz not in flight; adding
200 verbose addRemoteTarball [ 'https://registry.npmjs.org/simctl/-/simctl-0.1.0.tgz',
200 verbose addRemoteTarball   'ade133b616e277fea5cbc9ba438a80529baa696d' ]
201 silly cache afterAdd plist@1.2.0
202 verbose afterAdd /Users/katezellmer/.npm/plist/1.2.0/package/package.json not in flight; writing
203 verbose correctMkdir /Users/katezellmer/.npm correctMkdir not in flight; initializing
204 http fetch 200 https://registry.npmjs.org/nopt/-/nopt-1.0.9.tgz
205 info retry fetch attempt 1 at 10:44:18 AM
206 info attempt registry request try #1 at 10:44:18 AM
207 http fetch GET https://registry.npmjs.org/simctl/-/simctl-0.1.0.tgz
208 verbose afterAdd /Users/katezellmer/.npm/plist/1.2.0/package/package.json written
209 silly fetchAndShaCheck shasum 3bc0d7cba7bfb0d5a676dbed7c0ebe48a4fd454e
210 verbose addTmpTarball /var/folders/sy/02pjznlj3fqfyrgfgg9htk9c0000gn/T/npm-11173-591c4435/registry.npmjs.org/nopt/-/nopt-1.0.9.tgz not in flight; adding
211 verbose addTmpTarball already have metadata; skipping unpack for nopt@1.0.9
212 verbose correctMkdir /Users/katezellmer/.npm correctMkdir not in flight; initializing
213 silly cache afterAdd nopt@1.0.9
214 verbose afterAdd /Users/katezellmer/.npm/nopt/1.0.9/package/package.json not in flight; writing
215 verbose correctMkdir /Users/katezellmer/.npm correctMkdir not in flight; initializing
216 verbose afterAdd /Users/katezellmer/.npm/nopt/1.0.9/package/package.json written
217 http 304 https://registry.npmjs.org/bplist-parser
218 verbose headers { date: 'Sat, 29 Apr 2017 15:44:18 GMT',
218 verbose headers   via: '1.1 varnish',
218 verbose headers   'cache-control': 'max-age=300',
218 verbose headers   etag: 'W/"57f40d12-24d2"',
218 verbose headers   age: '0',
218 verbose headers   connection: 'keep-alive',
218 verbose headers   'x-served-by': 'cache-ord1722-ORD',
218 verbose headers   'x-cache': 'HIT',
218 verbose headers   'x-cache-hits': '1',
218 verbose headers   'x-timer': 'S1493480658.252024,VS0,VE117',
218 verbose headers   vary: 'Accept-Encoding' }
219 silly get cb [ 304,
219 silly get   { date: 'Sat, 29 Apr 2017 15:44:18 GMT',
219 silly get     via: '1.1 varnish',
219 silly get     'cache-control': 'max-age=300',
219 silly get     etag: 'W/"57f40d12-24d2"',
219 silly get     age: '0',
219 silly get     connection: 'keep-alive',
219 silly get     'x-served-by': 'cache-ord1722-ORD',
219 silly get     'x-cache': 'HIT',
219 silly get     'x-cache-hits': '1',
219 silly get     'x-timer': 'S1493480658.252024,VS0,VE117',
219 silly get     vary: 'Accept-Encoding' } ]
220 verbose etag https://registry.npmjs.org/bplist-parser from cache
221 verbose get saving bplist-parser to /Users/katezellmer/.npm/registry.npmjs.org/bplist-parser/.cache.json
222 verbose correctMkdir /Users/katezellmer/.npm correctMkdir not in flight; initializing
223 silly resolveWithNewModule bplist-parser@0.0.6 checking installable status
224 silly cache add args [ 'bplist-parser@^0.0.6', null ]
225 verbose cache add spec bplist-parser@^0.0.6
226 silly cache add parsed spec Result {
226 silly cache add   raw: 'bplist-parser@^0.0.6',
226 silly cache add   scope: null,
226 silly cache add   escapedName: 'bplist-parser',
226 silly cache add   name: 'bplist-parser',
226 silly cache add   rawSpec: '^0.0.6',
226 silly cache add   spec: '>=0.0.6 <0.0.7',
226 silly cache add   type: 'range' }
227 silly addNamed bplist-parser@>=0.0.6 <0.0.7
228 verbose addNamed ">=0.0.6 <0.0.7" is a valid semver range for bplist-parser
229 silly addNameRange { name: 'bplist-parser',
229 silly addNameRange   range: '>=0.0.6 <0.0.7',
229 silly addNameRange   hasData: false }
230 silly mapToRegistry name bplist-parser
231 silly mapToRegistry using default registry
232 silly mapToRegistry registry https://registry.npmjs.org/
233 silly mapToRegistry data Result {
233 silly mapToRegistry   raw: 'bplist-parser',
233 silly mapToRegistry   scope: null,
233 silly mapToRegistry   escapedName: 'bplist-parser',
233 silly mapToRegistry   name: 'bplist-parser',
233 silly mapToRegistry   rawSpec: '',
233 silly mapToRegistry   spec: 'latest',
233 silly mapToRegistry   type: 'tag' }
234 silly mapToRegistry uri https://registry.npmjs.org/bplist-parser
235 verbose addNameRange registry:https://registry.npmjs.org/bplist-parser not in flight; fetching
236 verbose get https://registry.npmjs.org/bplist-parser not expired, no request
237 silly addNameRange number 2 { name: 'bplist-parser', range: '>=0.0.6 <0.0.7', hasData: true }
238 silly addNameRange versions [ 'bplist-parser',
238 silly addNameRange   [ '0.0.1',
238 silly addNameRange     '0.0.2',
238 silly addNameRange     '0.0.3',
238 silly addNameRange     '0.0.4',
238 silly addNameRange     '0.0.5',
238 silly addNameRange     '0.0.6',
238 silly addNameRange     '0.1.0',
238 silly addNameRange     '0.1.1' ] ]
239 silly addNamed bplist-parser@0.0.6
240 verbose addNamed "0.0.6" is a plain semver version for bplist-parser
241 http fetch 200 https://registry.npmjs.org/simctl/-/simctl-0.1.0.tgz
242 silly cache afterAdd bplist-parser@0.0.6
243 verbose afterAdd /Users/katezellmer/.npm/bplist-parser/0.0.6/package/package.json not in flight; writing
244 verbose correctMkdir /Users/katezellmer/.npm correctMkdir not in flight; initializing
245 verbose afterAdd /Users/katezellmer/.npm/bplist-parser/0.0.6/package/package.json written
246 silly fetchAndShaCheck shasum ade133b616e277fea5cbc9ba438a80529baa696d
247 verbose addTmpTarball /var/folders/sy/02pjznlj3fqfyrgfgg9htk9c0000gn/T/npm-11173-591c4435/registry.npmjs.org/simctl/-/simctl-0.1.0.tgz not in flight; adding
248 verbose addTmpTarball already have metadata; skipping unpack for simctl@0.1.0
249 verbose correctMkdir /Users/katezellmer/.npm correctMkdir not in flight; initializing
250 silly cache afterAdd simctl@0.1.0
251 verbose afterAdd /Users/katezellmer/.npm/simctl/0.1.0/package/package.json not in flight; writing
252 verbose correctMkdir /Users/katezellmer/.npm correctMkdir not in flight; initializing
253 verbose afterAdd /Users/katezellmer/.npm/simctl/0.1.0/package/package.json written
254 silly fetchNamedPackageData abbrev
255 silly mapToRegistry name abbrev
256 silly mapToRegistry using default registry
257 silly mapToRegistry registry https://registry.npmjs.org/
258 silly mapToRegistry data Result {
258 silly mapToRegistry   raw: 'abbrev',
258 silly mapToRegistry   scope: null,
258 silly mapToRegistry   escapedName: 'abbrev',
258 silly mapToRegistry   name: 'abbrev',
258 silly mapToRegistry   rawSpec: '',
258 silly mapToRegistry   spec: 'latest',
258 silly mapToRegistry   type: 'tag' }
259 silly mapToRegistry uri https://registry.npmjs.org/abbrev
260 verbose request uri https://registry.npmjs.org/abbrev
261 verbose request no auth needed
262 info attempt registry request try #1 at 10:44:18 AM
263 verbose etag W/"58bad4f2-1e9b"
264 verbose lastModified Sat, 04 Mar 2017 14:53:38 GMT
265 http request GET https://registry.npmjs.org/abbrev
266 http 200 https://registry.npmjs.org/abbrev
267 verbose headers { server: 'nginx/1.10.1',
267 verbose headers   'content-type': 'application/json',
267 verbose headers   'last-modified': 'Tue, 28 Mar 2017 23:22:47 GMT',
267 verbose headers   etag: 'W/"58daf047-1e6e"',
267 verbose headers   'content-encoding': 'gzip',
267 verbose headers   'cache-control': 'max-age=300',
267 verbose headers   'content-length': '1859',
267 verbose headers   'accept-ranges': 'bytes',
267 verbose headers   date: 'Sat, 29 Apr 2017 15:44:18 GMT',
267 verbose headers   via: '1.1 varnish',
267 verbose headers   age: '194',
267 verbose headers   connection: 'keep-alive',
267 verbose headers   'x-served-by': 'cache-ord1736-ORD',
267 verbose headers   'x-cache': 'HIT',
267 verbose headers   'x-cache-hits': '6',
267 verbose headers   'x-timer': 'S1493480658.446900,VS0,VE0',
267 verbose headers   vary: 'Accept-Encoding' }
268 silly get cb [ 200,
268 silly get   { server: 'nginx/1.10.1',
268 silly get     'content-type': 'application/json',
268 silly get     'last-modified': 'Tue, 28 Mar 2017 23:22:47 GMT',
268 silly get     etag: 'W/"58daf047-1e6e"',
268 silly get     'content-encoding': 'gzip',
268 silly get     'cache-control': 'max-age=300',
268 silly get     'content-length': '1859',
268 silly get     'accept-ranges': 'bytes',
268 silly get     date: 'Sat, 29 Apr 2017 15:44:18 GMT',
268 silly get     via: '1.1 varnish',
268 silly get     age: '194',
268 silly get     connection: 'keep-alive',
268 silly get     'x-served-by': 'cache-ord1736-ORD',
268 silly get     'x-cache': 'HIT',
268 silly get     'x-cache-hits': '6',
268 silly get     'x-timer': 'S1493480658.446900,VS0,VE0',
268 silly get     vary: 'Accept-Encoding' } ]
269 verbose get saving abbrev to /Users/katezellmer/.npm/registry.npmjs.org/abbrev/.cache.json
270 verbose correctMkdir /Users/katezellmer/.npm correctMkdir not in flight; initializing
271 silly resolveWithNewModule abbrev@1.1.0 checking installable status
272 silly cache add args [ 'abbrev@1', null ]
273 verbose cache add spec abbrev@1
274 silly cache add parsed spec Result {
274 silly cache add   raw: 'abbrev@1',
274 silly cache add   scope: null,
274 silly cache add   escapedName: 'abbrev',
274 silly cache add   name: 'abbrev',
274 silly cache add   rawSpec: '1',
274 silly cache add   spec: '>=1.0.0 <2.0.0',
274 silly cache add   type: 'range' }
275 silly addNamed abbrev@>=1.0.0 <2.0.0
276 verbose addNamed ">=1.0.0 <2.0.0" is a valid semver range for abbrev
277 silly addNameRange { name: 'abbrev', range: '>=1.0.0 <2.0.0', hasData: false }
278 silly mapToRegistry name abbrev
279 silly mapToRegistry using default registry
280 silly mapToRegistry registry https://registry.npmjs.org/
281 silly mapToRegistry data Result {
281 silly mapToRegistry   raw: 'abbrev',
281 silly mapToRegistry   scope: null,
281 silly mapToRegistry   escapedName: 'abbrev',
281 silly mapToRegistry   name: 'abbrev',
281 silly mapToRegistry   rawSpec: '',
281 silly mapToRegistry   spec: 'latest',
281 silly mapToRegistry   type: 'tag' }
282 silly mapToRegistry uri https://registry.npmjs.org/abbrev
283 verbose addNameRange registry:https://registry.npmjs.org/abbrev not in flight; fetching
284 verbose get https://registry.npmjs.org/abbrev not expired, no request
285 silly addNameRange number 2 { name: 'abbrev', range: '>=1.0.0 <2.0.0', hasData: true }
286 silly addNameRange versions [ 'abbrev',
286 silly addNameRange   [ '1.0.3', '1.0.4', '1.0.5', '1.0.6', '1.0.7', '1.0.9', '1.1.0' ] ]
287 silly addNamed abbrev@1.1.0
288 verbose addNamed "1.1.0" is a plain semver version for abbrev
289 silly cache afterAdd abbrev@1.1.0
290 verbose afterAdd /Users/katezellmer/.npm/abbrev/1.1.0/package/package.json not in flight; writing
291 verbose correctMkdir /Users/katezellmer/.npm correctMkdir not in flight; initializing
292 verbose afterAdd /Users/katezellmer/.npm/abbrev/1.1.0/package/package.json written
293 silly fetchNamedPackageData base64-js
294 silly mapToRegistry name base64-js
295 silly mapToRegistry using default registry
296 silly mapToRegistry registry https://registry.npmjs.org/
297 silly mapToRegistry data Result {
297 silly mapToRegistry   raw: 'base64-js',
297 silly mapToRegistry   scope: null,
297 silly mapToRegistry   escapedName: 'base64-js',
297 silly mapToRegistry   name: 'base64-js',
297 silly mapToRegistry   rawSpec: '',
297 silly mapToRegistry   spec: 'latest',
297 silly mapToRegistry   type: 'tag' }
298 silly mapToRegistry uri https://registry.npmjs.org/base64-js
299 silly fetchNamedPackageData xmlbuilder
300 silly mapToRegistry name xmlbuilder
301 silly mapToRegistry using default registry
302 silly mapToRegistry registry https://registry.npmjs.org/
303 silly mapToRegistry data Result {
303 silly mapToRegistry   raw: 'xmlbuilder',
303 silly mapToRegistry   scope: null,
303 silly mapToRegistry   escapedName: 'xmlbuilder',
303 silly mapToRegistry   name: 'xmlbuilder',
303 silly mapToRegistry   rawSpec: '',
303 silly mapToRegistry   spec: 'latest',
303 silly mapToRegistry   type: 'tag' }
304 silly mapToRegistry uri https://registry.npmjs.org/xmlbuilder
305 silly fetchNamedPackageData xmldom
306 silly mapToRegistry name xmldom
307 silly mapToRegistry using default registry
308 silly mapToRegistry registry https://registry.npmjs.org/
309 silly mapToRegistry data Result {
309 silly mapToRegistry   raw: 'xmldom',
309 silly mapToRegistry   scope: null,
309 silly mapToRegistry   escapedName: 'xmldom',
309 silly mapToRegistry   name: 'xmldom',
309 silly mapToRegistry   rawSpec: '',
309 silly mapToRegistry   spec: 'latest',
309 silly mapToRegistry   type: 'tag' }
310 silly mapToRegistry uri https://registry.npmjs.org/xmldom
311 silly fetchNamedPackageData util-deprecate
312 silly mapToRegistry name util-deprecate
313 silly mapToRegistry using default registry
314 silly mapToRegistry registry https://registry.npmjs.org/
315 silly mapToRegistry data Result {
315 silly mapToRegistry   raw: 'util-deprecate',
315 silly mapToRegistry   scope: null,
315 silly mapToRegistry   escapedName: 'util-deprecate',
315 silly mapToRegistry   name: 'util-deprecate',
315 silly mapToRegistry   rawSpec: '',
315 silly mapToRegistry   spec: 'latest',
315 silly mapToRegistry   type: 'tag' }
316 silly mapToRegistry uri https://registry.npmjs.org/util-deprecate
317 verbose request uri https://registry.npmjs.org/base64-js
318 verbose request no auth needed
319 info attempt registry request try #1 at 10:44:18 AM
320 verbose etag W/"584e9d7a-4f76"
321 verbose lastModified Mon, 12 Dec 2016 12:52:10 GMT
322 http request GET https://registry.npmjs.org/base64-js
323 verbose request uri https://registry.npmjs.org/util-deprecate
324 verbose request no auth needed
325 info attempt registry request try #1 at 10:44:18 AM
326 verbose etag W/"5818e34b-16d9"
327 verbose lastModified Tue, 01 Nov 2016 18:47:39 GMT
328 http request GET https://registry.npmjs.org/util-deprecate
329 verbose request uri https://registry.npmjs.org/xmldom
330 verbose request no auth needed
331 info attempt registry request try #1 at 10:44:18 AM
332 verbose etag W/"58869936-b970"
333 verbose lastModified Tue, 24 Jan 2017 00:00:54 GMT
334 http request GET https://registry.npmjs.org/xmldom
335 verbose request uri https://registry.npmjs.org/xmlbuilder
336 verbose request no auth needed
337 info attempt registry request try #1 at 10:44:18 AM
338 verbose etag W/"581b9fdf-14aea"
339 verbose lastModified Thu, 03 Nov 2016 20:36:47 GMT
340 http request GET https://registry.npmjs.org/xmlbuilder
341 http 304 https://registry.npmjs.org/util-deprecate
342 verbose headers { date: 'Sat, 29 Apr 2017 15:44:18 GMT',
342 verbose headers   via: '1.1 varnish',
342 verbose headers   'cache-control': 'max-age=300',
342 verbose headers   etag: 'W/"5818e34b-16d9"',
342 verbose headers   age: '87',
342 verbose headers   connection: 'keep-alive',
342 verbose headers   'x-served-by': 'cache-ord1722-ORD',
342 verbose headers   'x-cache': 'HIT',
342 verbose headers   'x-cache-hits': '2',
342 verbose headers   'x-timer': 'S1493480659.514169,VS0,VE0',
342 verbose headers   vary: 'Accept-Encoding' }
343 silly get cb [ 304,
343 silly get   { date: 'Sat, 29 Apr 2017 15:44:18 GMT',
343 silly get     via: '1.1 varnish',
343 silly get     'cache-control': 'max-age=300',
343 silly get     etag: 'W/"5818e34b-16d9"',
343 silly get     age: '87',
343 silly get     connection: 'keep-alive',
343 silly get     'x-served-by': 'cache-ord1722-ORD',
343 silly get     'x-cache': 'HIT',
343 silly get     'x-cache-hits': '2',
343 silly get     'x-timer': 'S1493480659.514169,VS0,VE0',
343 silly get     vary: 'Accept-Encoding' } ]
344 verbose etag https://registry.npmjs.org/util-deprecate from cache
345 verbose get saving util-deprecate to /Users/katezellmer/.npm/registry.npmjs.org/util-deprecate/.cache.json
346 verbose correctMkdir /Users/katezellmer/.npm correctMkdir not in flight; initializing
347 http 200 https://registry.npmjs.org/base64-js
348 verbose headers { server: 'nginx/1.10.1',
348 verbose headers   'content-type': 'application/json',
348 verbose headers   'last-modified': 'Wed, 05 Apr 2017 15:40:47 GMT',
348 verbose headers   etag: 'W/"58e50fff-4fb0"',
348 verbose headers   'content-encoding': 'gzip',
348 verbose headers   'cache-control': 'max-age=300',
348 verbose headers   'content-length': '3110',
348 verbose headers   'accept-ranges': 'bytes',
348 verbose headers   date: 'Sat, 29 Apr 2017 15:44:18 GMT',
348 verbose headers   via: '1.1 varnish',
348 verbose headers   age: '99',
348 verbose headers   connection: 'keep-alive',
348 verbose headers   'x-served-by': 'cache-ord1739-ORD',
348 verbose headers   'x-cache': 'HIT',
348 verbose headers   'x-cache-hits': '1',
348 verbose headers   'x-timer': 'S1493480659.515297,VS0,VE0',
348 verbose headers   vary: 'Accept-Encoding' }
349 silly get cb [ 200,
349 silly get   { server: 'nginx/1.10.1',
349 silly get     'content-type': 'application/json',
349 silly get     'last-modified': 'Wed, 05 Apr 2017 15:40:47 GMT',
349 silly get     etag: 'W/"58e50fff-4fb0"',
349 silly get     'content-encoding': 'gzip',
349 silly get     'cache-control': 'max-age=300',
349 silly get     'content-length': '3110',
349 silly get     'accept-ranges': 'bytes',
349 silly get     date: 'Sat, 29 Apr 2017 15:44:18 GMT',
349 silly get     via: '1.1 varnish',
349 silly get     age: '99',
349 silly get     connection: 'keep-alive',
349 silly get     'x-served-by': 'cache-ord1739-ORD',
349 silly get     'x-cache': 'HIT',
349 silly get     'x-cache-hits': '1',
349 silly get     'x-timer': 'S1493480659.515297,VS0,VE0',
349 silly get     vary: 'Accept-Encoding' } ]
350 verbose get saving base64-js to /Users/katezellmer/.npm/registry.npmjs.org/base64-js/.cache.json
351 verbose correctMkdir /Users/katezellmer/.npm correctMkdir not in flight; initializing
352 silly resolveWithNewModule util-deprecate@1.0.2 checking installable status
353 silly cache add args [ 'util-deprecate@1.0.2', null ]
354 verbose cache add spec util-deprecate@1.0.2
355 silly cache add parsed spec Result {
355 silly cache add   raw: 'util-deprecate@1.0.2',
355 silly cache add   scope: null,
355 silly cache add   escapedName: 'util-deprecate',
355 silly cache add   name: 'util-deprecate',
355 silly cache add   rawSpec: '1.0.2',
355 silly cache add   spec: '1.0.2',
355 silly cache add   type: 'version' }
356 silly addNamed util-deprecate@1.0.2
357 verbose addNamed "1.0.2" is a plain semver version for util-deprecate
358 silly mapToRegistry name util-deprecate
359 silly mapToRegistry using default registry
360 silly mapToRegistry registry https://registry.npmjs.org/
361 silly mapToRegistry data Result {
361 silly mapToRegistry   raw: 'util-deprecate',
361 silly mapToRegistry   scope: null,
361 silly mapToRegistry   escapedName: 'util-deprecate',
361 silly mapToRegistry   name: 'util-deprecate',
361 silly mapToRegistry   rawSpec: '',
361 silly mapToRegistry   spec: 'latest',
361 silly mapToRegistry   type: 'tag' }
362 silly mapToRegistry uri https://registry.npmjs.org/util-deprecate
363 verbose addNameVersion registry:https://registry.npmjs.org/util-deprecate not in flight; fetching
364 verbose get https://registry.npmjs.org/util-deprecate not expired, no request
365 silly resolveWithNewModule base64-js@0.0.8 checking installable status
366 silly cache add args [ 'base64-js@0.0.8', null ]
367 verbose cache add spec base64-js@0.0.8
368 silly cache add parsed spec Result {
368 silly cache add   raw: 'base64-js@0.0.8',
368 silly cache add   scope: null,
368 silly cache add   escapedName: 'base64-js',
368 silly cache add   name: 'base64-js',
368 silly cache add   rawSpec: '0.0.8',
368 silly cache add   spec: '0.0.8',
368 silly cache add   type: 'version' }
369 silly addNamed base64-js@0.0.8
370 verbose addNamed "0.0.8" is a plain semver version for base64-js
371 silly mapToRegistry name base64-js
372 silly mapToRegistry using default registry
373 silly mapToRegistry registry https://registry.npmjs.org/
374 silly mapToRegistry data Result {
374 silly mapToRegistry   raw: 'base64-js',
374 silly mapToRegistry   scope: null,
374 silly mapToRegistry   escapedName: 'base64-js',
374 silly mapToRegistry   name: 'base64-js',
374 silly mapToRegistry   rawSpec: '',
374 silly mapToRegistry   spec: 'latest',
374 silly mapToRegistry   type: 'tag' }
375 silly mapToRegistry uri https://registry.npmjs.org/base64-js
376 verbose addNameVersion registry:https://registry.npmjs.org/base64-js not in flight; fetching
377 verbose get https://registry.npmjs.org/base64-js not expired, no request
378 silly cache afterAdd util-deprecate@1.0.2
379 verbose afterAdd /Users/katezellmer/.npm/util-deprecate/1.0.2/package/package.json not in flight; writing
380 verbose correctMkdir /Users/katezellmer/.npm correctMkdir not in flight; initializing
381 silly cache afterAdd base64-js@0.0.8
382 verbose afterAdd /Users/katezellmer/.npm/base64-js/0.0.8/package/package.json not in flight; writing
383 verbose correctMkdir /Users/katezellmer/.npm correctMkdir not in flight; initializing
384 verbose afterAdd /Users/katezellmer/.npm/util-deprecate/1.0.2/package/package.json written
385 verbose afterAdd /Users/katezellmer/.npm/base64-js/0.0.8/package/package.json written
386 http 200 https://registry.npmjs.org/xmlbuilder
387 verbose headers { server: 'nginx/1.10.1',
387 verbose headers   'content-type': 'application/json',
387 verbose headers   'last-modified': 'Sun, 23 Apr 2017 16:23:01 GMT',
387 verbose headers   etag: 'W/"58fcd4e5-14b0c"',
387 verbose headers   'content-encoding': 'gzip',
387 verbose headers   'cache-control': 'max-age=300',
387 verbose headers   'content-length': '7868',
387 verbose headers   'accept-ranges': 'bytes',
387 verbose headers   date: 'Sat, 29 Apr 2017 15:44:18 GMT',
387 verbose headers   via: '1.1 varnish',
387 verbose headers   age: '174',
387 verbose headers   connection: 'keep-alive',
387 verbose headers   'x-served-by': 'cache-ord1736-ORD',
387 verbose headers   'x-cache': 'HIT',
387 verbose headers   'x-cache-hits': '1',
387 verbose headers   'x-timer': 'S1493480659.521579,VS0,VE1',
387 verbose headers   vary: 'Accept-Encoding' }
388 silly get cb [ 200,
388 silly get   { server: 'nginx/1.10.1',
388 silly get     'content-type': 'application/json',
388 silly get     'last-modified': 'Sun, 23 Apr 2017 16:23:01 GMT',
388 silly get     etag: 'W/"58fcd4e5-14b0c"',
388 silly get     'content-encoding': 'gzip',
388 silly get     'cache-control': 'max-age=300',
388 silly get     'content-length': '7868',
388 silly get     'accept-ranges': 'bytes',
388 silly get     date: 'Sat, 29 Apr 2017 15:44:18 GMT',
388 silly get     via: '1.1 varnish',
388 silly get     age: '174',
388 silly get     connection: 'keep-alive',
388 silly get     'x-served-by': 'cache-ord1736-ORD',
388 silly get     'x-cache': 'HIT',
388 silly get     'x-cache-hits': '1',
388 silly get     'x-timer': 'S1493480659.521579,VS0,VE1',
388 silly get     vary: 'Accept-Encoding' } ]
389 verbose get saving xmlbuilder to /Users/katezellmer/.npm/registry.npmjs.org/xmlbuilder/.cache.json
390 verbose correctMkdir /Users/katezellmer/.npm correctMkdir not in flight; initializing
391 silly resolveWithNewModule xmlbuilder@4.0.0 checking installable status
392 silly cache add args [ 'xmlbuilder@4.0.0', null ]
393 verbose cache add spec xmlbuilder@4.0.0
394 silly cache add parsed spec Result {
394 silly cache add   raw: 'xmlbuilder@4.0.0',
394 silly cache add   scope: null,
394 silly cache add   escapedName: 'xmlbuilder',
394 silly cache add   name: 'xmlbuilder',
394 silly cache add   rawSpec: '4.0.0',
394 silly cache add   spec: '4.0.0',
394 silly cache add   type: 'version' }
395 silly addNamed xmlbuilder@4.0.0
396 verbose addNamed "4.0.0" is a plain semver version for xmlbuilder
397 silly mapToRegistry name xmlbuilder
398 silly mapToRegistry using default registry
399 silly mapToRegistry registry https://registry.npmjs.org/
400 silly mapToRegistry data Result {
400 silly mapToRegistry   raw: 'xmlbuilder',
400 silly mapToRegistry   scope: null,
400 silly mapToRegistry   escapedName: 'xmlbuilder',
400 silly mapToRegistry   name: 'xmlbuilder',
400 silly mapToRegistry   rawSpec: '',
400 silly mapToRegistry   spec: 'latest',
400 silly mapToRegistry   type: 'tag' }
401 silly mapToRegistry uri https://registry.npmjs.org/xmlbuilder
402 verbose addNameVersion registry:https://registry.npmjs.org/xmlbuilder not in flight; fetching
403 verbose get https://registry.npmjs.org/xmlbuilder not expired, no request
404 silly cache afterAdd xmlbuilder@4.0.0
405 verbose afterAdd /Users/katezellmer/.npm/xmlbuilder/4.0.0/package/package.json not in flight; writing
406 verbose correctMkdir /Users/katezellmer/.npm correctMkdir not in flight; initializing
407 verbose afterAdd /Users/katezellmer/.npm/xmlbuilder/4.0.0/package/package.json written
408 http 200 https://registry.npmjs.org/xmldom
409 verbose headers { server: 'nginx/1.10.1',
409 verbose headers   'content-type': 'application/json',
409 verbose headers   'last-modified': 'Thu, 23 Mar 2017 08:36:02 GMT',
409 verbose headers   etag: 'W/"58d388f2-b95d"',
409 verbose headers   'content-encoding': 'gzip',
409 verbose headers   'cache-control': 'max-age=300',
409 verbose headers   'content-length': '5516',
409 verbose headers   'accept-ranges': 'bytes',
409 verbose headers   date: 'Sat, 29 Apr 2017 15:44:18 GMT',
409 verbose headers   via: '1.1 varnish',
409 verbose headers   age: '50',
409 verbose headers   connection: 'keep-alive',
409 verbose headers   'x-served-by': 'cache-ord1727-ORD',
409 verbose headers   'x-cache': 'HIT',
409 verbose headers   'x-cache-hits': '1',
409 verbose headers   'x-timer': 'S1493480659.520740,VS0,VE1',
409 verbose headers   vary: 'Accept-Encoding' }
410 silly get cb [ 200,
410 silly get   { server: 'nginx/1.10.1',
410 silly get     'content-type': 'application/json',
410 silly get     'last-modified': 'Thu, 23 Mar 2017 08:36:02 GMT',
410 silly get     etag: 'W/"58d388f2-b95d"',
410 silly get     'content-encoding': 'gzip',
410 silly get     'cache-control': 'max-age=300',
410 silly get     'content-length': '5516',
410 silly get     'accept-ranges': 'bytes',
410 silly get     date: 'Sat, 29 Apr 2017 15:44:18 GMT',
410 silly get     via: '1.1 varnish',
410 silly get     age: '50',
410 silly get     connection: 'keep-alive',
410 silly get     'x-served-by': 'cache-ord1727-ORD',
410 silly get     'x-cache': 'HIT',
410 silly get     'x-cache-hits': '1',
410 silly get     'x-timer': 'S1493480659.520740,VS0,VE1',
410 silly get     vary: 'Accept-Encoding' } ]
411 verbose get saving xmldom to /Users/katezellmer/.npm/registry.npmjs.org/xmldom/.cache.json
412 verbose correctMkdir /Users/katezellmer/.npm correctMkdir not in flight; initializing
413 silly resolveWithNewModule xmldom@0.1.27 checking installable status
414 silly cache add args [ 'xmldom@0.1.x', null ]
415 verbose cache add spec xmldom@0.1.x
416 silly cache add parsed spec Result {
416 silly cache add   raw: 'xmldom@0.1.x',
416 silly cache add   scope: null,
416 silly cache add   escapedName: 'xmldom',
416 silly cache add   name: 'xmldom',
416 silly cache add   rawSpec: '0.1.x',
416 silly cache add   spec: '>=0.1.0 <0.2.0',
416 silly cache add   type: 'range' }
417 silly addNamed xmldom@>=0.1.0 <0.2.0
418 verbose addNamed ">=0.1.0 <0.2.0" is a valid semver range for xmldom
419 silly addNameRange { name: 'xmldom', range: '>=0.1.0 <0.2.0', hasData: false }
420 silly mapToRegistry name xmldom
421 silly mapToRegistry using default registry
422 silly mapToRegistry registry https://registry.npmjs.org/
423 silly mapToRegistry data Result {
423 silly mapToRegistry   raw: 'xmldom',
423 silly mapToRegistry   scope: null,
423 silly mapToRegistry   escapedName: 'xmldom',
423 silly mapToRegistry   name: 'xmldom',
423 silly mapToRegistry   rawSpec: '',
423 silly mapToRegistry   spec: 'latest',
423 silly mapToRegistry   type: 'tag' }
424 silly mapToRegistry uri https://registry.npmjs.org/xmldom
425 verbose addNameRange registry:https://registry.npmjs.org/xmldom not in flight; fetching
426 verbose get https://registry.npmjs.org/xmldom not expired, no request
427 silly addNameRange number 2 { name: 'xmldom', range: '>=0.1.0 <0.2.0', hasData: true }
428 silly addNameRange versions [ 'xmldom',
428 silly addNameRange   [ '0.1.0',
428 silly addNameRange     '0.1.1',
428 silly addNameRange     '0.1.2',
428 silly addNameRange     '0.1.3',
428 silly addNameRange     '0.1.4',
428 silly addNameRange     '0.1.5',
428 silly addNameRange     '0.1.6',
428 silly addNameRange     '0.1.7',
428 silly addNameRange     '0.1.8',
428 silly addNameRange     '0.1.9',
428 silly addNameRange     '0.1.10',
428 silly addNameRange     '0.1.11',
428 silly addNameRange     '0.1.12',
428 silly addNameRange     '0.1.13',
428 silly addNameRange     '0.1.14',
428 silly addNameRange     '0.1.15',
428 silly addNameRange     '0.1.16',
428 silly addNameRange     '0.1.17',
428 silly addNameRange     '0.1.18',
428 silly addNameRange     '0.1.19',
428 silly addNameRange     '0.1.20',
428 silly addNameRange     '0.1.21',
428 silly addNameRange     '0.1.22',
428 silly addNameRange     '0.1.24',
428 silly addNameRange     '0.1.25',
428 silly addNameRange     '0.1.26',
428 silly addNameRange     '0.1.27' ] ]
429 silly addNamed xmldom@0.1.27
430 verbose addNamed "0.1.27" is a plain semver version for xmldom
431 silly cache afterAdd xmldom@0.1.27
432 verbose afterAdd /Users/katezellmer/.npm/xmldom/0.1.27/package/package.json not in flight; writing
433 verbose correctMkdir /Users/katezellmer/.npm correctMkdir not in flight; initializing
434 verbose afterAdd /Users/katezellmer/.npm/xmldom/0.1.27/package/package.json written
435 silly fetchNamedPackageData lodash
436 silly mapToRegistry name lodash
437 silly mapToRegistry using default registry
438 silly mapToRegistry registry https://registry.npmjs.org/
439 silly mapToRegistry data Result {
439 silly mapToRegistry   raw: 'lodash',
439 silly mapToRegistry   scope: null,
439 silly mapToRegistry   escapedName: 'lodash',
439 silly mapToRegistry   name: 'lodash',
439 silly mapToRegistry   rawSpec: '',
439 silly mapToRegistry   spec: 'latest',
439 silly mapToRegistry   type: 'tag' }
440 silly mapToRegistry uri https://registry.npmjs.org/lodash
441 verbose request uri https://registry.npmjs.org/lodash
442 verbose request no auth needed
443 info attempt registry request try #1 at 10:44:18 AM
444 verbose etag W/"58bd24b3-2904a"
445 verbose lastModified Mon, 06 Mar 2017 08:58:27 GMT
446 http request GET https://registry.npmjs.org/lodash
447 http 200 https://registry.npmjs.org/lodash
448 verbose headers { server: 'nginx/1.10.1',
448 verbose headers   'content-type': 'application/json',
448 verbose headers   'last-modified': 'Fri, 28 Apr 2017 01:09:25 GMT',
448 verbose headers   etag: 'W/"59029645-29365"',
448 verbose headers   'content-encoding': 'gzip',
448 verbose headers   'cache-control': 'max-age=300',
448 verbose headers   'content-length': '17358',
448 verbose headers   'accept-ranges': 'bytes',
448 verbose headers   date: 'Sat, 29 Apr 2017 15:44:18 GMT',
448 verbose headers   via: '1.1 varnish',
448 verbose headers   age: '92',
448 verbose headers   connection: 'keep-alive',
448 verbose headers   'x-served-by': 'cache-ord1722-ORD',
448 verbose headers   'x-cache': 'HIT',
448 verbose headers   'x-cache-hits': '3',
448 verbose headers   'x-timer': 'S1493480659.661114,VS0,VE0',
448 verbose headers   vary: 'Accept-Encoding' }
449 silly get cb [ 200,
449 silly get   { server: 'nginx/1.10.1',
449 silly get     'content-type': 'application/json',
449 silly get     'last-modified': 'Fri, 28 Apr 2017 01:09:25 GMT',
449 silly get     etag: 'W/"59029645-29365"',
449 silly get     'content-encoding': 'gzip',
449 silly get     'cache-control': 'max-age=300',
449 silly get     'content-length': '17358',
449 silly get     'accept-ranges': 'bytes',
449 silly get     date: 'Sat, 29 Apr 2017 15:44:18 GMT',
449 silly get     via: '1.1 varnish',
449 silly get     age: '92',
449 silly get     connection: 'keep-alive',
449 silly get     'x-served-by': 'cache-ord1722-ORD',
449 silly get     'x-cache': 'HIT',
449 silly get     'x-cache-hits': '3',
449 silly get     'x-timer': 'S1493480659.661114,VS0,VE0',
449 silly get     vary: 'Accept-Encoding' } ]
450 verbose get saving lodash to /Users/katezellmer/.npm/registry.npmjs.org/lodash/.cache.json
451 verbose correctMkdir /Users/katezellmer/.npm correctMkdir not in flight; initializing
452 silly resolveWithNewModule lodash@3.10.1 checking installable status
453 silly cache add args [ 'lodash@^3.5.0', null ]
454 verbose cache add spec lodash@^3.5.0
455 silly cache add parsed spec Result {
455 silly cache add   raw: 'lodash@^3.5.0',
455 silly cache add   scope: null,
455 silly cache add   escapedName: 'lodash',
455 silly cache add   name: 'lodash',
455 silly cache add   rawSpec: '^3.5.0',
455 silly cache add   spec: '>=3.5.0 <4.0.0',
455 silly cache add   type: 'range' }
456 silly addNamed lodash@>=3.5.0 <4.0.0
457 verbose addNamed ">=3.5.0 <4.0.0" is a valid semver range for lodash
458 silly addNameRange { name: 'lodash', range: '>=3.5.0 <4.0.0', hasData: false }
459 silly mapToRegistry name lodash
460 silly mapToRegistry using default registry
461 silly mapToRegistry registry https://registry.npmjs.org/
462 silly mapToRegistry data Result {
462 silly mapToRegistry   raw: 'lodash',
462 silly mapToRegistry   scope: null,
462 silly mapToRegistry   escapedName: 'lodash',
462 silly mapToRegistry   name: 'lodash',
462 silly mapToRegistry   rawSpec: '',
462 silly mapToRegistry   spec: 'latest',
462 silly mapToRegistry   type: 'tag' }
463 silly mapToRegistry uri https://registry.npmjs.org/lodash
464 verbose addNameRange registry:https://registry.npmjs.org/lodash not in flight; fetching
465 verbose get https://registry.npmjs.org/lodash not expired, no request
466 silly addNameRange number 2 { name: 'lodash', range: '>=3.5.0 <4.0.0', hasData: true }
467 silly addNameRange versions [ 'lodash',
467 silly addNameRange   [ '0.1.0',
467 silly addNameRange     '0.2.0',
467 silly addNameRange     '0.2.1',
467 silly addNameRange     '0.2.2',
467 silly addNameRange     '0.3.0',
467 silly addNameRange     '0.3.1',
467 silly addNameRange     '0.3.2',
467 silly addNameRange     '0.4.0',
467 silly addNameRange     '0.4.1',
467 silly addNameRange     '0.4.2',
467 silly addNameRange     '0.5.0-rc.1',
467 silly addNameRange     '0.5.0',
467 silly addNameRange     '0.5.1',
467 silly addNameRange     '0.5.2',
467 silly addNameRange     '0.6.0',
467 silly addNameRange     '0.6.1',
467 silly addNameRange     '0.7.0',
467 silly addNameRange     '0.8.0',
467 silly addNameRange     '0.8.1',
467 silly addNameRange     '0.8.2',
467 silly addNameRange     '0.9.0',
467 silly addNameRange     '0.9.1',
467 silly addNameRange     '0.9.2',
467 silly addNameRange     '0.10.0',
467 silly addNameRange     '1.0.0-rc.1',
467 silly addNameRange     '1.0.0-rc.2',
467 silly addNameRange     '1.0.0-rc.3',
467 silly addNameRange     '1.0.0',
467 silly addNameRange     '1.0.1',
467 silly addNameRange     '1.1.0',
467 silly addNameRange     '1.1.1',
467 silly addNameRange     '1.2.0',
467 silly addNameRange     '1.2.1',
467 silly addNameRange     '1.3.0',
467 silly addNameRange     '1.3.1',
467 silly addNameRange     '2.0.0',
467 silly addNameRange     '2.1.0',
467 silly addNameRange     '2.2.0',
467 silly addNameRange     '2.2.1',
467 silly addNameRange     '2.3.0',
467 silly addNameRange     '2.4.0',
467 silly addNameRange     '2.4.1',
467 silly addNameRange     '3.0.0',
467 silly addNameRange     '3.0.1',
467 silly addNameRange     '3.1.0',
467 silly addNameRange     '3.2.0',
467 silly addNameRange     '3.3.0',
467 silly addNameRange     '3.3.1',
467 silly addNameRange     '3.4.0',
467 silly addNameRange     '3.5.0',
467 silly addNameRange     '3.6.0',
467 silly addNameRange     '1.0.2',
467 silly addNameRange     '3.7.0',
467 silly addNameRange     '2.4.2',
467 silly addNameRange     '3.8.0',
467 silly addNameRange     '3.9.0',
467 silly addNameRange     '3.9.1',
467 silly addNameRange     '3.9.2',
467 silly addNameRange     '3.9.3',
467 silly addNameRange     '3.10.0',
467 silly addNameRange     '3.10.1',
467 silly addNameRange     '4.0.0',
467 silly addNameRange     '4.0.1',
467 silly addNameRange     '4.1.0',
467 silly addNameRange     '4.2.0',
467 silly addNameRange     '4.2.1',
467 silly addNameRange     '4.3.0',
467 silly addNameRange     '4.4.0',
467 silly addNameRange     '4.5.0',
467 silly addNameRange     '4.5.1',
467 silly addNameRange     '4.6.0',
467 silly addNameRange     '4.6.1',
467 silly addNameRange     '4.7.0',
467 silly addNameRange     '4.8.0',
467 silly addNameRange     '4.8.1',
467 silly addNameRange     '4.8.2',
467 silly addNameRange     '4.9.0',
467 silly addNameRange     '4.10.0',
467 silly addNameRange     '4.11.0',
467 silly addNameRange     '4.11.1',
467 silly addNameRange     '4.11.2',
467 silly addNameRange     '4.12.0',
467 silly addNameRange     '4.13.0',
467 silly addNameRange     '4.13.1',
467 silly addNameRange     '4.14.0',
467 silly addNameRange     '4.14.1',
467 silly addNameRange     '4.14.2',
467 silly addNameRange     '4.15.0',
467 silly addNameRange     '4.16.0',
467 silly addNameRange     '4.16.1',
467 silly addNameRange     '4.16.2',
467 silly addNameRange     '4.16.3',
467 silly addNameRange     '4.16.4',
467 silly addNameRange     '4.16.5',
467 silly addNameRange     '4.16.6',
467 silly addNameRange     '4.17.0',
467 silly addNameRange     '4.17.1',
467 silly addNameRange     '4.17.2',
467 silly addNameRange     '4.17.3',
467 silly addNameRange     '4.17.4' ] ]
468 silly addNamed lodash@3.10.1
469 verbose addNamed "3.10.1" is a plain semver version for lodash
470 silly cache afterAdd lodash@3.10.1
471 verbose afterAdd /Users/katezellmer/.npm/lodash/3.10.1/package/package.json not in flight; writing
472 verbose correctMkdir /Users/katezellmer/.npm correctMkdir not in flight; initializing
473 verbose afterAdd /Users/katezellmer/.npm/lodash/3.10.1/package/package.json written
474 silly fetchNamedPackageData shelljs
475 silly mapToRegistry name shelljs
476 silly mapToRegistry using default registry
477 silly mapToRegistry registry https://registry.npmjs.org/
478 silly mapToRegistry data Result {
478 silly mapToRegistry   raw: 'shelljs',
478 silly mapToRegistry   scope: null,
478 silly mapToRegistry   escapedName: 'shelljs',
478 silly mapToRegistry   name: 'shelljs',
478 silly mapToRegistry   rawSpec: '',
478 silly mapToRegistry   spec: 'latest',
478 silly mapToRegistry   type: 'tag' }
479 silly mapToRegistry uri https://registry.npmjs.org/shelljs
480 silly fetchNamedPackageData tail
481 silly mapToRegistry name tail
482 silly mapToRegistry using default registry
483 silly mapToRegistry registry https://registry.npmjs.org/
484 silly mapToRegistry data Result {
484 silly mapToRegistry   raw: 'tail',
484 silly mapToRegistry   scope: null,
484 silly mapToRegistry   escapedName: 'tail',
484 silly mapToRegistry   name: 'tail',
484 silly mapToRegistry   rawSpec: '',
484 silly mapToRegistry   spec: 'latest',
484 silly mapToRegistry   type: 'tag' }
485 silly mapToRegistry uri https://registry.npmjs.org/tail
486 verbose request uri https://registry.npmjs.org/tail
487 verbose request no auth needed
488 info attempt registry request try #1 at 10:44:18 AM
489 http request GET https://registry.npmjs.org/tail
490 verbose request uri https://registry.npmjs.org/shelljs
491 verbose request no auth needed
492 info attempt registry request try #1 at 10:44:18 AM
493 verbose etag W/"58ba9dea-13845"
494 verbose lastModified Sat, 04 Mar 2017 10:58:50 GMT
495 http request GET https://registry.npmjs.org/shelljs
496 http 200 https://registry.npmjs.org/shelljs
497 verbose headers { server: 'nginx/1.10.1',
497 verbose headers   'content-type': 'application/json',
497 verbose headers   'last-modified': 'Thu, 27 Apr 2017 09:26:41 GMT',
497 verbose headers   etag: 'W/"5901b951-140ca"',
497 verbose headers   'content-encoding': 'gzip',
497 verbose headers   'cache-control': 'max-age=300',
497 verbose headers   'content-length': '15484',
497 verbose headers   'accept-ranges': 'bytes',
497 verbose headers   date: 'Sat, 29 Apr 2017 15:44:18 GMT',
497 verbose headers   via: '1.1 varnish',
497 verbose headers   age: '297',
497 verbose headers   connection: 'keep-alive',
497 verbose headers   'x-served-by': 'cache-ord1736-ORD',
497 verbose headers   'x-cache': 'HIT',
497 verbose headers   'x-cache-hits': '5',
497 verbose headers   'x-timer': 'S1493480659.830823,VS0,VE0',
497 verbose headers   vary: 'Accept-Encoding' }
498 silly get cb [ 200,
498 silly get   { server: 'nginx/1.10.1',
498 silly get     'content-type': 'application/json',
498 silly get     'last-modified': 'Thu, 27 Apr 2017 09:26:41 GMT',
498 silly get     etag: 'W/"5901b951-140ca"',
498 silly get     'content-encoding': 'gzip',
498 silly get     'cache-control': 'max-age=300',
498 silly get     'content-length': '15484',
498 silly get     'accept-ranges': 'bytes',
498 silly get     date: 'Sat, 29 Apr 2017 15:44:18 GMT',
498 silly get     via: '1.1 varnish',
498 silly get     age: '297',
498 silly get     connection: 'keep-alive',
498 silly get     'x-served-by': 'cache-ord1736-ORD',
498 silly get     'x-cache': 'HIT',
498 silly get     'x-cache-hits': '5',
498 silly get     'x-timer': 'S1493480659.830823,VS0,VE0',
498 silly get     vary: 'Accept-Encoding' } ]
499 verbose get saving shelljs to /Users/katezellmer/.npm/registry.npmjs.org/shelljs/.cache.json
500 verbose correctMkdir /Users/katezellmer/.npm correctMkdir not in flight; initializing
501 silly resolveWithNewModule shelljs@0.2.6 checking installable status
502 silly cache add args [ 'shelljs@^0.2.6', null ]
503 verbose cache add spec shelljs@^0.2.6
504 silly cache add parsed spec Result {
504 silly cache add   raw: 'shelljs@^0.2.6',
504 silly cache add   scope: null,
504 silly cache add   escapedName: 'shelljs',
504 silly cache add   name: 'shelljs',
504 silly cache add   rawSpec: '^0.2.6',
504 silly cache add   spec: '>=0.2.6 <0.3.0',
504 silly cache add   type: 'range' }
505 silly addNamed shelljs@>=0.2.6 <0.3.0
506 verbose addNamed ">=0.2.6 <0.3.0" is a valid semver range for shelljs
507 silly addNameRange { name: 'shelljs', range: '>=0.2.6 <0.3.0', hasData: false }
508 silly mapToRegistry name shelljs
509 silly mapToRegistry using default registry
510 silly mapToRegistry registry https://registry.npmjs.org/
511 silly mapToRegistry data Result {
511 silly mapToRegistry   raw: 'shelljs',
511 silly mapToRegistry   scope: null,
511 silly mapToRegistry   escapedName: 'shelljs',
511 silly mapToRegistry   name: 'shelljs',
511 silly mapToRegistry   rawSpec: '',
511 silly mapToRegistry   spec: 'latest',
511 silly mapToRegistry   type: 'tag' }
512 silly mapToRegistry uri https://registry.npmjs.org/shelljs
513 verbose addNameRange registry:https://registry.npmjs.org/shelljs not in flight; fetching
514 verbose get https://registry.npmjs.org/shelljs not expired, no request
515 silly addNameRange number 2 { name: 'shelljs', range: '>=0.2.6 <0.3.0', hasData: true }
516 silly addNameRange versions [ 'shelljs',
516 silly addNameRange   [ '0.0.1',
516 silly addNameRange     '0.0.2',
516 silly addNameRange     '0.0.3',
516 silly addNameRange     '0.0.4',
516 silly addNameRange     '0.0.5',
516 silly addNameRange     '0.0.6',
516 silly addNameRange     '0.0.7',
516 silly addNameRange     '0.0.8',
516 silly addNameRange     '0.0.9',
516 silly addNameRange     '0.1.0',
516 silly addNameRange     '0.1.1',
516 silly addNameRange     '0.1.2',
516 silly addNameRange     '0.1.3',
516 silly addNameRange     '0.1.4',
516 silly addNameRange     '0.2.0',
516 silly addNameRange     '0.2.1',
516 silly addNameRange     '0.2.2',
516 silly addNameRange     '0.2.3',
516 silly addNameRange     '0.2.4',
516 silly addNameRange     '0.2.5',
516 silly addNameRange     '0.2.6',
516 silly addNameRange     '0.3.0',
516 silly addNameRange     '0.4.0',
516 silly addNameRange     '0.5.0',
516 silly addNameRange     '0.5.1',
516 silly addNameRange     '0.5.2',
516 silly addNameRange     '0.5.3',
516 silly addNameRange     '0.6.0',
516 silly addNameRange     '0.7.0',
516 silly addNameRange     '0.7.1',
516 silly addNameRange     '0.7.2',
516 silly addNameRange     '0.7.3',
516 silly addNameRange     '0.6.1',
516 silly addNameRange     '0.7.4',
516 silly addNameRange     '0.7.5',
516 silly addNameRange     '0.7.6',
516 silly addNameRange     '0.7.7',
516 silly addNameRange     '0.0.1-alpha1',
516 silly addNameRange     '0.0.2-pre1',
516 silly addNameRange     '0.0.4-pre1',
516 silly addNameRange     '0.0.5-pre1',
516 silly addNameRange     '0.0.5-pre2',
516 silly addNameRange     '0.0.5-pre3',
516 silly addNameRange     '0.0.5-pre4',
516 silly addNameRange     '0.0.6-pre1',
516 silly addNameRange     '0.0.6-pre2' ] ]
517 silly addNamed shelljs@0.2.6
518 verbose addNamed "0.2.6" is a plain semver version for shelljs
519 silly mapToRegistry name shelljs
520 silly mapToRegistry using default registry
521 silly mapToRegistry registry https://registry.npmjs.org/
522 silly mapToRegistry data Result {
522 silly mapToRegistry   raw: 'shelljs',
522 silly mapToRegistry   scope: null,
522 silly mapToRegistry   escapedName: 'shelljs',
522 silly mapToRegistry   name: 'shelljs',
522 silly mapToRegistry   rawSpec: '',
522 silly mapToRegistry   spec: 'latest',
522 silly mapToRegistry   type: 'tag' }
523 silly mapToRegistry uri https://registry.npmjs.org/shelljs
524 verbose addRemoteTarball https://registry.npmjs.org/shelljs/-/shelljs-0.2.6.tgz not in flight; adding
525 verbose addRemoteTarball [ 'https://registry.npmjs.org/shelljs/-/shelljs-0.2.6.tgz',
525 verbose addRemoteTarball   '90492d72ffcc8159976baba62fb0f6884f0c3378' ]
526 info retry fetch attempt 1 at 10:44:18 AM
527 info attempt registry request try #1 at 10:44:18 AM
528 http fetch GET https://registry.npmjs.org/shelljs/-/shelljs-0.2.6.tgz
529 http fetch 200 https://registry.npmjs.org/shelljs/-/shelljs-0.2.6.tgz
530 http 200 https://registry.npmjs.org/tail
531 verbose headers { server: 'nginx/1.10.1',
531 verbose headers   'content-type': 'application/json',
531 verbose headers   'last-modified': 'Fri, 31 Mar 2017 01:34:18 GMT',
531 verbose headers   etag: 'W/"58ddb21a-5dec"',
531 verbose headers   'content-encoding': 'gzip',
531 verbose headers   'cache-control': 'max-age=300',
531 verbose headers   'content-length': '3968',
531 verbose headers   'accept-ranges': 'bytes',
531 verbose headers   date: 'Sat, 29 Apr 2017 15:44:18 GMT',
531 verbose headers   via: '1.1 varnish',
531 verbose headers   age: '0',
531 verbose headers   connection: 'keep-alive',
531 verbose headers   'x-served-by': 'cache-ord1739-ORD',
531 verbose headers   'x-cache': 'HIT',
531 verbose headers   'x-cache-hits': '1',
531 verbose headers   'x-timer': 'S1493480659.824598,VS0,VE117',
531 verbose headers   vary: 'Accept-Encoding' }
532 silly get cb [ 200,
532 silly get   { server: 'nginx/1.10.1',
532 silly get     'content-type': 'application/json',
532 silly get     'last-modified': 'Fri, 31 Mar 2017 01:34:18 GMT',
532 silly get     etag: 'W/"58ddb21a-5dec"',
532 silly get     'content-encoding': 'gzip',
532 silly get     'cache-control': 'max-age=300',
532 silly get     'content-length': '3968',
532 silly get     'accept-ranges': 'bytes',
532 silly get     date: 'Sat, 29 Apr 2017 15:44:18 GMT',
532 silly get     via: '1.1 varnish',
532 silly get     age: '0',
532 silly get     connection: 'keep-alive',
532 silly get     'x-served-by': 'cache-ord1739-ORD',
532 silly get     'x-cache': 'HIT',
532 silly get     'x-cache-hits': '1',
532 silly get     'x-timer': 'S1493480659.824598,VS0,VE117',
532 silly get     vary: 'Accept-Encoding' } ]
533 verbose get saving tail to /Users/katezellmer/.npm/registry.npmjs.org/tail/.cache.json
534 verbose correctMkdir /Users/katezellmer/.npm correctMkdir not in flight; initializing
535 silly resolveWithNewModule tail@0.4.0 checking installable status
536 silly cache add args [ 'tail@^0.4.0', null ]
537 verbose cache add spec tail@^0.4.0
538 silly cache add parsed spec Result {
538 silly cache add   raw: 'tail@^0.4.0',
538 silly cache add   scope: null,
538 silly cache add   escapedName: 'tail',
538 silly cache add   name: 'tail',
538 silly cache add   rawSpec: '^0.4.0',
538 silly cache add   spec: '>=0.4.0 <0.5.0',
538 silly cache add   type: 'range' }
539 silly addNamed tail@>=0.4.0 <0.5.0
540 verbose addNamed ">=0.4.0 <0.5.0" is a valid semver range for tail
541 silly addNameRange { name: 'tail', range: '>=0.4.0 <0.5.0', hasData: false }
542 silly mapToRegistry name tail
543 silly mapToRegistry using default registry
544 silly mapToRegistry registry https://registry.npmjs.org/
545 silly mapToRegistry data Result {
545 silly mapToRegistry   raw: 'tail',
545 silly mapToRegistry   scope: null,
545 silly mapToRegistry   escapedName: 'tail',
545 silly mapToRegistry   name: 'tail',
545 silly mapToRegistry   rawSpec: '',
545 silly mapToRegistry   spec: 'latest',
545 silly mapToRegistry   type: 'tag' }
546 silly mapToRegistry uri https://registry.npmjs.org/tail
547 verbose addNameRange registry:https://registry.npmjs.org/tail not in flight; fetching
548 verbose get https://registry.npmjs.org/tail not expired, no request
549 silly addNameRange number 2 { name: 'tail', range: '>=0.4.0 <0.5.0', hasData: true }
550 silly addNameRange versions [ 'tail',
550 silly addNameRange   [ '0.0.3',
550 silly addNameRange     '0.0.4',
550 silly addNameRange     '0.1.0',
550 silly addNameRange     '0.1.1',
550 silly addNameRange     '0.1.2',
550 silly addNameRange     '0.2.0',
550 silly addNameRange     '0.2.1',
550 silly addNameRange     '0.2.2',
550 silly addNameRange     '0.2.3',
550 silly addNameRange     '0.2.4',
550 silly addNameRange     '0.3.0',
550 silly addNameRange     '0.3.1',
550 silly addNameRange     '0.3.2',
550 silly addNameRange     '0.3.5',
550 silly addNameRange     '0.3.6',
550 silly addNameRange     '0.3.7',
550 silly addNameRange     '0.3.8',
550 silly addNameRange     '0.3.9',
550 silly addNameRange     '0.4.0',
550 silly addNameRange     '1.0.0',
550 silly addNameRange     '1.0.1',
550 silly addNameRange     '1.1.0',
550 silly addNameRange     '1.1.1',
550 silly addNameRange     '1.2.1' ] ]
551 silly addNamed tail@0.4.0
552 verbose addNamed "0.4.0" is a plain semver version for tail
553 silly mapToRegistry name tail
554 silly mapToRegistry using default registry
555 silly mapToRegistry registry https://registry.npmjs.org/
556 silly mapToRegistry data Result {
556 silly mapToRegistry   raw: 'tail',
556 silly mapToRegistry   scope: null,
556 silly mapToRegistry   escapedName: 'tail',
556 silly mapToRegistry   name: 'tail',
556 silly mapToRegistry   rawSpec: '',
556 silly mapToRegistry   spec: 'latest',
556 silly mapToRegistry   type: 'tag' }
557 silly mapToRegistry uri https://registry.npmjs.org/tail
558 verbose addRemoteTarball https://registry.npmjs.org/tail/-/tail-0.4.0.tgz not in flight; adding
559 verbose addRemoteTarball [ 'https://registry.npmjs.org/tail/-/tail-0.4.0.tgz',
559 verbose addRemoteTarball   'd29de72750cc99db1e053aff13c359ecfb713002' ]
560 info retry fetch attempt 1 at 10:44:19 AM
561 info attempt registry request try #1 at 10:44:19 AM
562 http fetch GET https://registry.npmjs.org/tail/-/tail-0.4.0.tgz
563 silly fetchAndShaCheck shasum 90492d72ffcc8159976baba62fb0f6884f0c3378
564 verbose addTmpTarball /var/folders/sy/02pjznlj3fqfyrgfgg9htk9c0000gn/T/npm-11173-591c4435/registry.npmjs.org/shelljs/-/shelljs-0.2.6.tgz not in flight; adding
565 verbose addTmpTarball already have metadata; skipping unpack for shelljs@0.2.6
566 verbose correctMkdir /Users/katezellmer/.npm correctMkdir not in flight; initializing
567 silly cache afterAdd shelljs@0.2.6
568 verbose afterAdd /Users/katezellmer/.npm/shelljs/0.2.6/package/package.json not in flight; writing
569 verbose correctMkdir /Users/katezellmer/.npm correctMkdir not in flight; initializing
570 verbose afterAdd /Users/katezellmer/.npm/shelljs/0.2.6/package/package.json written
571 http fetch 200 https://registry.npmjs.org/tail/-/tail-0.4.0.tgz
572 silly fetchAndShaCheck shasum d29de72750cc99db1e053aff13c359ecfb713002
573 verbose addTmpTarball /var/folders/sy/02pjznlj3fqfyrgfgg9htk9c0000gn/T/npm-11173-591c4435/registry.npmjs.org/tail/-/tail-0.4.0.tgz not in flight; adding
574 verbose addTmpTarball already have metadata; skipping unpack for tail@0.4.0
575 verbose correctMkdir /Users/katezellmer/.npm correctMkdir not in flight; initializing
576 silly cache afterAdd tail@0.4.0
577 verbose afterAdd /Users/katezellmer/.npm/tail/0.4.0/package/package.json not in flight; writing
578 verbose correctMkdir /Users/katezellmer/.npm correctMkdir not in flight; initializing
579 verbose afterAdd /Users/katezellmer/.npm/tail/0.4.0/package/package.json written
580 silly loadAllDepsIntoIdealTree Finishing
581 silly loadIdealTree Finishing
582 silly currentTree lib
583 silly idealTree lib
583 silly idealTree  ios-sim@5.0.13
583 silly idealTree    abbrev@1.1.0
583 silly idealTree    base64-js@0.0.8
583 silly idealTree    bplist-parser@0.0.6
583 silly idealTree    lodash@3.10.1
583 silly idealTree    nopt@1.0.9
583 silly idealTree    plist@1.2.0
583 silly idealTree    shelljs@0.2.6
583 silly idealTree    simctl@0.1.0
583 silly idealTree    tail@0.4.0
583 silly idealTree    util-deprecate@1.0.2
583 silly idealTree    xmlbuilder@4.0.0
583 silly idealTree    xmldom@0.1.27
584 silly generateActionsToTake Starting
585 silly install generateActionsToTake
586 warn checkPermissions Missing write access to /usr/local/lib/node_modules
587 silly rollbackFailedOptional Starting
588 silly rollbackFailedOptional Finishing
589 silly runTopLevelLifecycles Finishing
590 silly install printInstalled
591 verbose stack Error: EACCES: permission denied, access '/usr/local/lib/node_modules'
591 verbose stack     at Error (native)
592 verbose cwd /Users/katezellmer/Documents/CS 407/Call-Your-Reps
593 error Darwin 16.5.0
594 error argv "/usr/local/bin/node" "/usr/local/bin/npm" "install" "-g" "ios-sim"
595 error node v6.9.4
596 error npm  v3.10.10
597 error path /usr/local/lib/node_modules
598 error code EACCES
599 error errno -13
600 error syscall access
601 error Error: EACCES: permission denied, access '/usr/local/lib/node_modules'
601 error     at Error (native)
601 error  { Error: EACCES: permission denied, access '/usr/local/lib/node_modules'
601 error     at Error (native)
601 error   errno: -13,
601 error   code: 'EACCES',
601 error   syscall: 'access',
601 error   path: '/usr/local/lib/node_modules' }
602 error Please try running this command again as root/Administrator.
603 verbose exit [ -13, true ]
